\BOOKMARK [1][-]{section.1}{\376\377\000P\000r\000o\000b\000l\000e\000m\000\040\0001\000\040\000-\000\040\000M\000a\000x\000i\000m\000u\000m\000\040\000L\000i\000k\000e\000l\000i\000h\000o\000o\000d\000\040\000E\000s\000t\000i\000m\000a\000t\000i\000o\000n}{}% 1
\BOOKMARK [2][-]{subsection.1.1}{}{section.1}% 2
\BOOKMARK [1][-]{section.2}{\376\377\000P\000r\000o\000b\000l\000e\000m\000\040\0002\000\040\000-\000\040\000S\000t\000a\000t\000i\000s\000t\000i\000c\000s}{}% 3
\BOOKMARK [1][-]{section.3}{\376\377\000P\000r\000o\000b\000l\000e\000m\000\040\0003\000\040\000-\000\040\000P\000r\000i\000n\000c\000i\000p\000a\000l\000\040\000C\000o\000m\000p\000o\000n\000e\000n\000t\000\040\000A\000n\000a\000l\000y\000s\000i\000s}{}% 4
\BOOKMARK [2][-]{subsection.3.1}{\376\377\0001\000\051\000\040\000-\000\040\000M\000e\000a\000n\000\040\000p\000o\000i\000n\000t\000\040\000o\000f\000\040\000t\000h\000e\000\040\000d\000a\000t\000a}{section.3}% 5
\BOOKMARK [2][-]{subsection.3.2}{\376\377\0002\000\051\000\040\000-\000\040\000T\000w\000o\000\040\000e\000i\000g\000e\000n\000v\000a\000l\000u\000e\000s}{section.3}% 6
\BOOKMARK [2][-]{subsection.3.3}{\376\377\0003\000\051\000\040\000-\000\040\000T\000w\000o\000\040\000e\000i\000g\000e\000n\000v\000e\000c\000t\000o\000r\000s}{section.3}% 7
\BOOKMARK [1][-]{section.4}{\376\377\000P\000r\000o\000b\000l\000e\000m\000\040\0004\000\040\000-\000\040\000R\000e\000g\000r\000e\000s\000s\000i\000o\000n}{}% 8
\BOOKMARK [2][-]{subsection.4.1}{\376\377\000a\000\051}{section.4}% 9
\BOOKMARK [2][-]{subsection.4.2}{\376\377\000b\000\051}{section.4}% 10
\BOOKMARK [2][-]{subsection.4.3}{\376\377\000c\000\051}{section.4}% 11
\BOOKMARK [1][-]{section.5}{\376\377\000P\000r\000o\000b\000l\000e\000m\000\040\0005\000\040\000-\000\040\000R\000a\000n\000d\000o\000m\000\040\000F\000o\000r\000e\000s\000t\000s}{}% 12
\BOOKMARK [2][-]{subsection.5.1}{\376\377\000F\000i\000n\000d\000i\000n\000g\000\040\000T\000h\000r\000e\000s\000h\000o\000l\000d\000s}{section.5}% 13
\BOOKMARK [1][-]{section.6}{\376\377\000P\000r\000o\000b\000l\000e\000m\000\040\0006\000\040\000-\000\040\000C\000l\000a\000s\000s\000i\000f\000i\000c\000a\000t\000i\000o\000n\000\040\000\046\000\040\000V\000a\000l\000i\000d\000a\000t\000i\000o\000n}{}% 14
\BOOKMARK [2][-]{subsection.6.1}{\376\377\000a\000\051\000\040\000-\000\040\000I\000m\000p\000l\000e\000m\000e\000n\000t\000\040\000r\000a\000n\000d\000o\000m\000\040\000f\000o\000r\000e\000s\000t\000\040\000t\000r\000a\000i\000n\000i\000n\000g}{section.6}% 15
\BOOKMARK [2][-]{subsection.6.2}{\376\377\000b\000\051\000\040\000-\000\040\000F\000i\000n\000d\000i\000n\000g\000\040\000t\000h\000e\000\040\000o\000p\000t\000i\000m\000a\000l\000\040\000s\000e\000t\000\040\000o\000f\000\040\000r\000a\000n\000d\000o\000m\000\040\000f\000o\000r\000e\000s\000t\000\040\000c\000l\000a\000s\000s\000i\000f\000i\000e\000r\000\040\000p\000a\000r\000a\000m\000e\000t\000e\000r\000s}{section.6}% 16
\BOOKMARK [2][-]{subsection.6.3}{\376\377\000c\000\051\000\040\000-\000\040\000M\000y\000\040\000r\000e\000s\000u\000l\000t\000s}{section.6}% 17
\BOOKMARK [2][-]{subsection.6.4}{\376\377\000C\000o\000d\000e\000\040\000f\000o\000r\000\040\000a\000\051\000\040\000\046\000\040\000b\000\051}{section.6}% 18
\BOOKMARK [1][-]{section.7}{\376\377\000P\000r\000o\000b\000l\000e\000m\000\040\0007\000\040\000-\000\040\000K\000-\000m\000e\000a\000n\000s\000\040\000C\000l\000u\000s\000t\000e\000r\000i\000n\000g\000\040\000\046\000\040\000P\000r\000i\000n\000c\000i\000p\000a\000l\000\040\000C\000o\000m\000p\000o\000n\000e\000n\000t\000\040\000A\000n\000a\000l\000y\000s\000i\000s}{}% 19
\BOOKMARK [2][-]{subsection.7.1}{\376\377\000a\000\051}{section.7}% 20
\BOOKMARK [2][-]{subsection.7.2}{\376\377\000b\000\051}{section.7}% 21
\BOOKMARK [2][-]{subsection.7.3}{\376\377\000c\000\051}{section.7}% 22
\BOOKMARK [2][-]{subsection.7.4}{\376\377\000d\000\051}{section.7}% 23
\BOOKMARK [2][-]{subsection.7.5}{\376\377\000e\000\051}{section.7}% 24
\BOOKMARK [1][-]{section.8}{\376\377\000A\000p\000p\000e\000n\000d\000i\000x\000\040\000A}{}% 25
\BOOKMARK [2][-]{subsection.8.1}{\376\377\000.\000.\000.}{section.8}% 26
\BOOKMARK [1][-]{section.9}{\376\377\000A\000p\000p\000e\000n\000d\000i\000x\000\040\000B}{}% 27
\BOOKMARK [2][-]{subsection.9.1}{\376\377\000.\000.\000.}{section.9}% 28
\BOOKMARK [1][-]{section.10}{\376\377\000A\000p\000p\000e\000n\000d\000i\000x\000\040\000Q\0006}{}% 29
\BOOKMARK [1][-]{section.11}{\376\377\000A\000p\000p\000e\000n\000d\000i\000x\000\040\000X}{}% 30
\BOOKMARK [2][-]{subsection.11.1}{\376\377\000Q\0006\000\137\000c}{section.11}% 31
